2020-10-30 10:12:31,582 INFO  ClassPathXmlApplicationContext [AbstractApplicationContext.java:510] Refreshing org.springframework.context.support.ClassPathXmlApplicationContext@a6789d17: startup date [Fri Oct 30 10:12:31 MSK 2020]; root of context hierarchy
2020-10-30 10:12:31,680 INFO  XmlBeanDefinitionReader [XmlBeanDefinitionReader.java:317] Loading XML bean definitions from class path resource [spring/spring-app.xml]
2020-10-30 10:12:32,202 INFO  MockUserRepositoryImpl [LoggerWrapper.java:25] PostConstructor
2020-10-30 10:12:32,247 INFO  AdminUserRestController [LoggerWrapper.java:25] delete0
2020-10-30 10:12:32,248 INFO  MockUserRepositoryImpl [LoggerWrapper.java:25] delete0
2020-10-30 10:12:32,250 ERROR ExceptionUtil [LoggerWrapper.java:62] Not data found 
2020-10-30 10:12:32,256 INFO  AdminUserRestController [LoggerWrapper.java:25] createnull
2020-10-30 10:12:32,256 INFO  MockUserRepositoryImpl [LoggerWrapper.java:25] savenull
2020-10-30 10:12:32,258 INFO  AdminUserRestController [LoggerWrapper.java:25] delete7
2020-10-30 10:12:32,259 INFO  MockUserRepositoryImpl [LoggerWrapper.java:25] delete7
2020-10-30 10:12:32,260 INFO  ClassPathXmlApplicationContext [AbstractApplicationContext.java:862] Closing org.springframework.context.support.ClassPathXmlApplicationContext@a6789d17: startup date [Fri Oct 30 10:12:31 MSK 2020]; root of context hierarchy
2020-10-30 10:12:32,263 INFO  MockUserRepositoryImpl [LoggerWrapper.java:25] preDestroy
2020-10-30 10:19:12,504 INFO  ClassPathXmlApplicationContext [AbstractApplicationContext.java:510] Refreshing org.springframework.context.support.ClassPathXmlApplicationContext@384d3883: startup date [Fri Oct 30 10:19:12 MSK 2020]; root of context hierarchy
2020-10-30 10:19:12,602 INFO  XmlBeanDefinitionReader [XmlBeanDefinitionReader.java:317] Loading XML bean definitions from class path resource [spring/spring-app.xml]
2020-10-30 10:19:13,118 INFO  MockUserRepositoryImpl [LoggerWrapper.java:25] PostConstructor
2020-10-30 10:19:13,160 INFO  AdminUserRestController [LoggerWrapper.java:25] delete0
2020-10-30 10:19:13,161 INFO  MockUserRepositoryImpl [LoggerWrapper.java:25] delete0
2020-10-30 10:19:13,162 ERROR ExceptionUtil [LoggerWrapper.java:62] Not data found 
2020-10-30 10:19:13,166 INFO  AdminUserRestController [LoggerWrapper.java:25] createnull
2020-10-30 10:19:13,166 INFO  MockUserRepositoryImpl [LoggerWrapper.java:25] savenull
2020-10-30 10:19:13,167 INFO  AdminUserRestController [LoggerWrapper.java:25] delete7
2020-10-30 10:19:13,168 INFO  MockUserRepositoryImpl [LoggerWrapper.java:25] delete7
2020-10-30 10:19:13,169 INFO  ClassPathXmlApplicationContext [AbstractApplicationContext.java:862] Closing org.springframework.context.support.ClassPathXmlApplicationContext@384d3883: startup date [Fri Oct 30 10:19:12 MSK 2020]; root of context hierarchy
2020-10-30 10:19:13,172 INFO  MockUserRepositoryImpl [LoggerWrapper.java:25] preDestroy
2020-10-30 10:20:21,688 INFO  ClassPathXmlApplicationContext [AbstractApplicationContext.java:510] Refreshing org.springframework.context.support.ClassPathXmlApplicationContext@6c8a69c6: startup date [Fri Oct 30 10:20:21 MSK 2020]; root of context hierarchy
2020-10-30 10:20:21,765 INFO  XmlBeanDefinitionReader [XmlBeanDefinitionReader.java:317] Loading XML bean definitions from class path resource [spring/spring-app.xml]
2020-10-30 10:20:22,284 INFO  MockUserRepositoryImpl [LoggerWrapper.java:25] PostConstructor
2020-10-30 10:20:22,323 INFO  AdminUserRestController [LoggerWrapper.java:25] delete0
2020-10-30 10:20:22,324 INFO  MockUserRepositoryImpl [LoggerWrapper.java:25] delete0
2020-10-30 10:20:22,328 ERROR ExceptionUtil [LoggerWrapper.java:62] Not data found 
2020-10-30 10:20:22,331 INFO  AdminUserRestController [LoggerWrapper.java:25] createnull
2020-10-30 10:20:22,332 INFO  MockUserRepositoryImpl [LoggerWrapper.java:25] savenull
2020-10-30 10:20:22,333 INFO  AdminUserRestController [LoggerWrapper.java:25] delete7
2020-10-30 10:20:22,334 INFO  MockUserRepositoryImpl [LoggerWrapper.java:25] delete7
2020-10-30 10:20:22,335 INFO  ClassPathXmlApplicationContext [AbstractApplicationContext.java:862] Closing org.springframework.context.support.ClassPathXmlApplicationContext@6c8a69c6: startup date [Fri Oct 30 10:20:21 MSK 2020]; root of context hierarchy
2020-10-30 10:20:22,337 INFO  MockUserRepositoryImpl [LoggerWrapper.java:25] preDestroy
2020-10-30 10:22:52,174 INFO  ClassPathXmlApplicationContext [AbstractApplicationContext.java:510] Refreshing org.springframework.context.support.ClassPathXmlApplicationContext@9d6d8759: startup date [Fri Oct 30 10:22:52 MSK 2020]; root of context hierarchy
2020-10-30 10:22:52,261 INFO  XmlBeanDefinitionReader [XmlBeanDefinitionReader.java:317] Loading XML bean definitions from class path resource [spring/spring-app.xml]
2020-10-30 10:22:52,773 INFO  MockUserRepositoryImpl [LoggerWrapper.java:25] PostConstructor
2020-10-30 10:22:52,816 INFO  AdminUserRestController [LoggerWrapper.java:25] delete0
2020-10-30 10:22:52,817 INFO  MockUserRepositoryImpl [LoggerWrapper.java:25] delete0
2020-10-30 10:22:52,819 ERROR ExceptionUtil [LoggerWrapper.java:62] Not data found 
2020-10-30 10:22:52,825 INFO  AdminUserRestController [LoggerWrapper.java:25] createnull
2020-10-30 10:22:52,826 INFO  MockUserRepositoryImpl [LoggerWrapper.java:25] savenull
2020-10-30 10:22:52,826 INFO  AdminUserRestController [LoggerWrapper.java:25] delete7
2020-10-30 10:22:52,827 INFO  MockUserRepositoryImpl [LoggerWrapper.java:25] delete7
2020-10-30 10:22:52,828 INFO  ClassPathXmlApplicationContext [AbstractApplicationContext.java:862] Closing org.springframework.context.support.ClassPathXmlApplicationContext@9d6d8759: startup date [Fri Oct 30 10:22:52 MSK 2020]; root of context hierarchy
2020-10-30 10:22:52,830 INFO  MockUserRepositoryImpl [LoggerWrapper.java:25] preDestroy
